<?xml version="1.0" encoding="UTF-8"?>
<testsuite xmlns:xsi="http://www.w3.org/2001/XMLSchema-instance" xsi:schemaLocation="https://maven.apache.org/surefire/maven-surefire-plugin/xsd/surefire-test-report.xsd" name="io.mangoo.TestSuite" time="22.934" tests="230" errors="0" skipped="0" failures="0">
  <properties>
[...]
</properties>
  <testcase name="testEnvironmentValues" classname="io.mangoo.configuration.ConfigTest" time="0.003"/>
  <testcase name="testGetBooleanDefaultValue" classname="io.mangoo.configuration.ConfigTest" time="0.001"/>
  <testcase name="testGetLong" classname="io.mangoo.configuration.ConfigTest" time="0"/>
  <testcase name="testGetHasValidSecret" classname="io.mangoo.configuration.ConfigTest" time="0"/>
  <testcase name="testGetBoolean" classname="io.mangoo.configuration.ConfigTest" time="0"/>
  <testcase name="testGetStringDefaultValue" classname="io.mangoo.configuration.ConfigTest" time="0"/>
  <testcase name="testGetAllConfigurationValues" classname="io.mangoo.configuration.ConfigTest" time="0.004"/>
  <testcase name="testGetLongDefaultValue" classname="io.mangoo.configuration.ConfigTest" time="0"/>
  <testcase name="testGetInt" classname="io.mangoo.configuration.ConfigTest" time="0"/>
  <testcase name="testGetString" classname="io.mangoo.configuration.ConfigTest" time="0"/>
  <testcase name="testGetIntDefaultValue" classname="io.mangoo.configuration.ConfigTest" time="0"/>
  <testcase name="testAdd" classname="io.mangoo.cache.CacheTest" time="0.008"/>
  <testcase name="testClear" classname="io.mangoo.cache.CacheTest" time="0.001"/>
  <testcase name="testStats" classname="io.mangoo.cache.CacheTest" time="0"/>
  <testcase name="testCast" classname="io.mangoo.cache.CacheTest" time="0"/>
  <testcase name="testSize" classname="io.mangoo.cache.CacheTest" time="0.001"/>
  <testcase name="testGetWithCallable" classname="io.mangoo.cache.CacheTest" time="0"/>
  <testcase name="testGetAll" classname="io.mangoo.cache.CacheTest" time="0"/>
  <testcase name="testPutAll" classname="io.mangoo.cache.CacheTest" time="0.001"/>
  <testcase name="testDoublePrimitiveParamter" classname="io.mangoo.controllers.ParameterControllerTest" time="0.247"/>
  <testcase name="testLongParameter" classname="io.mangoo.controllers.ParameterControllerTest" time="0.009"/>
  <testcase name="testPrimitiveLongParameter" classname="io.mangoo.controllers.ParameterControllerTest" time="0.009"/>
  <testcase name="testFloatPrimitiveParameter" classname="io.mangoo.controllers.ParameterControllerTest" time="0.006"/>
  <testcase name="testFloatParameter" classname="io.mangoo.controllers.ParameterControllerTest" time="0.007"/>
  <testcase name="testStringParameterWithSpecialCharacters" classname="io.mangoo.controllers.ParameterControllerTest" time="0.129"/>
  <testcase name="testIntegerParameter" classname="io.mangoo.controllers.ParameterControllerTest" time="0.009"/>
  <testcase name="testIntParameter" classname="io.mangoo.controllers.ParameterControllerTest" time="0.008"/>
  <testcase name="testDoubleParameter" classname="io.mangoo.controllers.ParameterControllerTest" time="0.018"/>
  <testcase name="testLocalDateParameter" classname="io.mangoo.controllers.ParameterControllerTest" time="0.011"/>
  <testcase name="testStringParameter" classname="io.mangoo.controllers.ParameterControllerTest" time="0.007"/>
  <testcase name="testPathParameter" classname="io.mangoo.controllers.ParameterControllerTest" time="0.007"/>
  <testcase name="testMultipleParameter" classname="io.mangoo.controllers.ParameterControllerTest" time="0.009"/>
  <testcase name="testLocalDateTimeParameter" classname="io.mangoo.controllers.ParameterControllerTest" time="0.006"/>
  <testcase name="testWebSocketConnection" classname="io.mangoo.controllers.WebSocketControllerTest" time="0.089"/>
  <testcase name="testFilterWithAdditionalHeader" classname="io.mangoo.controllers.FilterControllerTest" time="0.015"/>
  <testcase name="testFilterWithAdditionalContent" classname="io.mangoo.controllers.FilterControllerTest" time="0.017"/>
  <testcase name="testInvalidFormValues" classname="io.mangoo.controllers.FormControllerTest" time="0.047"/>
  <testcase name="testFormEncoding" classname="io.mangoo.controllers.FormControllerTest" time="0.009"/>
  <testcase name="testFormPost" classname="io.mangoo.controllers.FormControllerTest" time="0.008"/>
  <testcase name="testValidFormValues" classname="io.mangoo.controllers.FormControllerTest" time="0.012"/>
  <testcase name="testWithAdditionalHeaderDe" classname="io.mangoo.controllers.I18nControllerTest" time="0.009"/>
  <testcase name="testWithAdditionalHeaderEn" classname="io.mangoo.controllers.I18nControllerTest" time="0.012"/>
  <testcase name="testWithOutAdditionalHeader" classname="io.mangoo.controllers.I18nControllerTest" time="0.007"/>
  <testcase name="testCacheAuthorized" classname="io.mangoo.controllers.AdminControllerTest" time="0.105"/>
  <testcase name="testHealthUnaothorized" classname="io.mangoo.controllers.AdminControllerTest" time="0.007"/>
  <testcase name="testSystemAuthorized" classname="io.mangoo.controllers.AdminControllerTest" time="0.017"/>
  <testcase name="testMemoryAuthorized" classname="io.mangoo.controllers.AdminControllerTest" time="0.012"/>
  <testcase name="testRoutedAuthorized" classname="io.mangoo.controllers.AdminControllerTest" time="0.048"/>
  <testcase name="testSchedulerUnAuthorized" classname="io.mangoo.controllers.AdminControllerTest" time="0.007"/>
  <testcase name="testMetricsAuthorized" classname="io.mangoo.controllers.AdminControllerTest" time="0.078"/>
  <testcase name="testCacheUnauthorized" classname="io.mangoo.controllers.AdminControllerTest" time="0.007"/>
  <testcase name="testMemoryUnAuthorized" classname="io.mangoo.controllers.AdminControllerTest" time="0.007"/>
  <testcase name="testConfigUnauthorized" classname="io.mangoo.controllers.AdminControllerTest" time="0.007"/>
  <testcase name="testHealthAuthorized" classname="io.mangoo.controllers.AdminControllerTest" time="0.009"/>
  <testcase name="testSchedulerAuthorized" classname="io.mangoo.controllers.AdminControllerTest" time="0.022"/>
  <testcase name="testConfigAuthorized" classname="io.mangoo.controllers.AdminControllerTest" time="0.011"/>
  <testcase name="testMetricsUnauthorized" classname="io.mangoo.controllers.AdminControllerTest" time="0.005"/>
  <testcase name="testRoutedUnauthorized" classname="io.mangoo.controllers.AdminControllerTest" time="0.005"/>
  <testcase name="testSystemUnAuthorized" classname="io.mangoo.controllers.AdminControllerTest" time="0.004"/>
  <testcase name="testNotAuthenticated" classname="io.mangoo.controllers.AuthenticationControllerTest" time="0.008"/>
  <testcase name="testAuthenticated" classname="io.mangoo.controllers.AuthenticationControllerTest" time="0.04"/>
  <testcase name="testAuthenticityForm" classname="io.mangoo.controllers.AuthenticityControllerTest" time="0.01"/>
  <testcase name="testInvalidAuthenticity" classname="io.mangoo.controllers.AuthenticityControllerTest" time="0.007"/>
  <testcase name="testValidAuthenticity" classname="io.mangoo.controllers.AuthenticityControllerTest" time="0.011"/>
  <testcase name="testAuthenticityToken" classname="io.mangoo.controllers.AuthenticityControllerTest" time="0.005"/>
  <testcase name="testForbidden" classname="io.mangoo.controllers.ApplicationControllerTest" time="0.003"/>
  <testcase name="testNotFound" classname="io.mangoo.controllers.ApplicationControllerTest" time="0.004"/>
  <testcase name="testJsonPathWithPut" classname="io.mangoo.controllers.ApplicationControllerTest" time="0.027"/>
  <testcase name="testPlainText" classname="io.mangoo.controllers.ApplicationControllerTest" time="0.003"/>
  <testcase name="testPut" classname="io.mangoo.controllers.ApplicationControllerTest" time="0.004"/>
  <testcase name="testIndex" classname="io.mangoo.controllers.ApplicationControllerTest" time="0.007"/>
  <testcase name="testEtag" classname="io.mangoo.controllers.ApplicationControllerTest" time="0.007"/>
  <testcase name="testPost" classname="io.mangoo.controllers.ApplicationControllerTest" time="0.003"/>
  <testcase name="testBadRequest" classname="io.mangoo.controllers.ApplicationControllerTest" time="0.002"/>
  <testcase name="testRedirectWithoutDisableRedirects" classname="io.mangoo.controllers.ApplicationControllerTest" time="0.005"/>
  <testcase name="testResponseTimer" classname="io.mangoo.controllers.ApplicationControllerTest" time="0.004"/>
  <testcase name="testJsonBoonWithPost" classname="io.mangoo.controllers.ApplicationControllerTest" time="0.034"/>
  <testcase name="testBinaryDownload" classname="io.mangoo.controllers.ApplicationControllerTest" time="0.011"/>
  <testcase name="testRequest" classname="io.mangoo.controllers.ApplicationControllerTest" time="0.004"/>
  <testcase name="testAdditionalHeaders" classname="io.mangoo.controllers.ApplicationControllerTest" time="0.004"/>
  <testcase name="testJsonBoonWithPut" classname="io.mangoo.controllers.ApplicationControllerTest" time="0.004"/>
  <testcase name="testUnauthorized" classname="io.mangoo.controllers.ApplicationControllerTest" time="0.007"/>
  <testcase name="testRedirectWithDisableRedirects" classname="io.mangoo.controllers.ApplicationControllerTest" time="0.003"/>
  <testcase name="testJsonPathWithPost" classname="io.mangoo.controllers.ApplicationControllerTest" time="0.003"/>
  <testcase name="testFlash" classname="io.mangoo.controllers.FlashControllerTest" time="0.012"/>
  <testcase name="testSessionCookie" classname="io.mangoo.controllers.SessionControllerTest" time="0.003"/>
  <testcase name="testJsonSerialization" classname="io.mangoo.controllers.JsonControllerTest" time="0.012"/>
  <testcase name="testJsonNullResponseBody" classname="io.mangoo.controllers.JsonControllerTest" time="0.004"/>
  <testcase name="testJsonRequestBody" classname="io.mangoo.controllers.JsonControllerTest" time="0.013"/>
  <testcase name="testJsonResponseBody" classname="io.mangoo.controllers.JsonControllerTest" time="0.003"/>
  <testcase name="testJsonParsing" classname="io.mangoo.controllers.JsonControllerTest" time="0.005"/>
  <testcase name="testJsonEmptyResponseBody" classname="io.mangoo.controllers.JsonControllerTest" time="0.004"/>
  <testcase name="testIncrement" classname="io.mangoo.models.MetricsTest" time="0"/>
  <testcase name="testSendDataWithInvalidAuthentication" classname="io.mangoo.managers.WebSocketManagerTest" time="1.013"/>
  <testcase name="testRemoveChannel" classname="io.mangoo.managers.WebSocketManagerTest" time="0.938"/>
  <testcase name="testCloseChannel" classname="io.mangoo.managers.WebSocketManagerTest" time="0.012"/>
  <testcase name="testSendDataWithValidAuthentication" classname="io.mangoo.managers.WebSocketManagerTest" time="1.033"/>
  <testcase name="testAddChannel" classname="io.mangoo.managers.WebSocketManagerTest" time="0.001"/>
  <testcase name="testSendData" classname="io.mangoo.managers.WebSocketManagerTest" time="1.06"/>
  <testcase name="testRunnableExecute" classname="io.mangoo.managers.ExecutionManagerTest" time="0.008"/>
  <testcase name="testCallableWithFuture" classname="io.mangoo.managers.ExecutionManagerTest" time="0.008"/>
  <testcase name="testRunnableWithResult" classname="io.mangoo.managers.ExecutionManagerTest" time="0.009"/>
  <testcase name="testSendDataWithInvalidAuthentication" classname="io.mangoo.managers.ServerEventManagerTest" time="1.984"/>
  <testcase name="testRemoveConnection" classname="io.mangoo.managers.ServerEventManagerTest" time="0.283"/>
  <testcase name="testCloseConnection" classname="io.mangoo.managers.ServerEventManagerTest" time="1.165"/>
  <testcase name="testAddConnection" classname="io.mangoo.managers.ServerEventManagerTest" time="0.004"/>
  <testcase name="testSendDataWithValidAuthentication" classname="io.mangoo.managers.ServerEventManagerTest" time="6.138"/>
  <testcase name="testSendData" classname="io.mangoo.managers.ServerEventManagerTest" time="6.071"/>
  <testcase name="testCookieBuilder" classname="io.mangoo.utils.CookieBuilderTest" time="0.001"/>
  <testcase name="testGetOAuthProvider" classname="io.mangoo.utils.RequestUtilsTest" time="0.002"/>
  <testcase name="testGetServerSentEventURL" classname="io.mangoo.utils.RequestUtilsTest" time="0"/>
  <testcase name="testGetTemplateName" classname="io.mangoo.utils.RequestUtilsTest" time="0.001"/>
  <testcase name="testGetWebSocketURL" classname="io.mangoo.utils.RequestUtilsTest" time="0.001"/>
  <testcase name="testHasAuthentication" classname="io.mangoo.utils.BootstrapUtilsTest" time="0"/>
  <testcase name="testGetRouteType" classname="io.mangoo.utils.BootstrapUtilsTest" time="0"/>
  <testcase name="testHasBlocking" classname="io.mangoo.utils.BootstrapUtilsTest" time="0.001"/>
  <testcase name="toJsonTest" classname="io.mangoo.utils.JsonUtilsTest" time="0.009"/>
  <testcase name="customSerializerTest" classname="io.mangoo.utils.JsonUtilsTest" time="0"/>
  <testcase name="fromJsonTest" classname="io.mangoo.utils.JsonUtilsTest" time="0.001"/>
  <testcase name="fromJsonClassTest" classname="io.mangoo.utils.JsonUtilsTest" time="0.001"/>
  <testcase name="testValidSession" classname="io.mangoo.utils.CookieParserTest" time="0.003"/>
  <testcase name="testValidAuthenticationWithEncryption" classname="io.mangoo.utils.CookieParserTest" time="0.009"/>
  <testcase name="testValidSessionWithEncryption" classname="io.mangoo.utils.CookieParserTest" time="0.002"/>
  <testcase name="testValidAuthentication" classname="io.mangoo.utils.CookieParserTest" time="0"/>
  <testcase name="testCreateTrigger" classname="io.mangoo.utils.SchedulerUtilsTest" time="0"/>
  <testcase name="testCreateJobDetail" classname="io.mangoo.utils.SchedulerUtilsTest" time="0.001"/>
  <testcase name="testResourcePathJavaScript" classname="io.mangoo.handlers.ResourcesHandlerTest" time="0.024"/>
  <testcase name="testResourcePathStylesheet" classname="io.mangoo.handlers.ResourcesHandlerTest" time="0.009"/>
  <testcase name="testResourceFile" classname="io.mangoo.handlers.ResourcesHandlerTest" time="0.005"/>
  <testcase name="testNoContent" classname="io.mangoo.bindings.FlashTest" time="0"/>
  <testcase name="testErrorMessage" classname="io.mangoo.bindings.FlashTest" time="0.002"/>
  <testcase name="testNoDiscard" classname="io.mangoo.bindings.FlashTest" time="0"/>
  <testcase name="testWarningMessage" classname="io.mangoo.bindings.FlashTest" time="0"/>
  <testcase name="testSuccessMessage" classname="io.mangoo.bindings.FlashTest" time="0"/>
  <testcase name="testContent" classname="io.mangoo.bindings.FlashTest" time="0"/>
  <testcase name="testInvalidCharacters" classname="io.mangoo.bindings.FlashTest" time="0.002"/>
  <testcase name="testDiscard" classname="io.mangoo.bindings.FlashTest" time="0"/>
  <testcase name="testValues" classname="io.mangoo.bindings.FlashTest" time="0"/>
  <testcase name="testGetInteger" classname="io.mangoo.bindings.FormTest" time="0.003"/>
  <testcase name="testInvalidRequired" classname="io.mangoo.bindings.FormTest" time="0"/>
  <testcase name="testValidIpv6Address" classname="io.mangoo.bindings.FormTest" time="0"/>
  <testcase name="testGetFloat" classname="io.mangoo.bindings.FormTest" time="0"/>
  <testcase name="testValidGetValue" classname="io.mangoo.bindings.FormTest" time="0"/>
  <testcase name="testFile" classname="io.mangoo.bindings.FormTest" time="0"/>
  <testcase name="testInvalidIpv6Address" classname="io.mangoo.bindings.FormTest" time="0.001"/>
  <testcase name="testValidIpv4Address" classname="io.mangoo.bindings.FormTest" time="0"/>
  <testcase name="testValidEmail" classname="io.mangoo.bindings.FormTest" time="0"/>
  <testcase name="testValidMatch" classname="io.mangoo.bindings.FormTest" time="0"/>
  <testcase name="testValidRange" classname="io.mangoo.bindings.FormTest" time="0"/>
  <testcase name="testValidMax" classname="io.mangoo.bindings.FormTest" time="0"/>
  <testcase name="testValidMin" classname="io.mangoo.bindings.FormTest" time="0"/>
  <testcase name="testValidExactMatch" classname="io.mangoo.bindings.FormTest" time="0"/>
  <testcase name="TestValidUrl" classname="io.mangoo.bindings.FormTest" time="0.005"/>
  <testcase name="testInvalidIpv4Address" classname="io.mangoo.bindings.FormTest" time="0.001"/>
  <testcase name="testGetBoolean" classname="io.mangoo.bindings.FormTest" time="0"/>
  <testcase name="testInvalidGetValue" classname="io.mangoo.bindings.FormTest" time="0"/>
  <testcase name="testValidRequired" classname="io.mangoo.bindings.FormTest" time="0.001"/>
  <testcase name="TestInvalidUrl" classname="io.mangoo.bindings.FormTest" time="0"/>
  <testcase name="testGetDouble" classname="io.mangoo.bindings.FormTest" time="0"/>
  <testcase name="testGetString" classname="io.mangoo.bindings.FormTest" time="0"/>
  <testcase name="testInvalidEmail" classname="io.mangoo.bindings.FormTest" time="0.001"/>
  <testcase name="testInvalidMatch" classname="io.mangoo.bindings.FormTest" time="0"/>
  <testcase name="testInvalidRange" classname="io.mangoo.bindings.FormTest" time="0"/>
  <testcase name="testInvalidExactMatch" classname="io.mangoo.bindings.FormTest" time="0"/>
  <testcase name="testInvalidMax" classname="io.mangoo.bindings.FormTest" time="0"/>
  <testcase name="testInvalidMin" classname="io.mangoo.bindings.FormTest" time="0.001"/>
  <testcase name="testInjection" classname="io.mangoo.bindings.InjectionTest" time="0.02"/>
  <testcase name="testNoContent" classname="io.mangoo.bindings.SessionTest" time="0"/>
  <testcase name="testClear" classname="io.mangoo.bindings.SessionTest" time="0"/>
  <testcase name="testContent" classname="io.mangoo.bindings.SessionTest" time="0"/>
  <testcase name="testInvalidCharacters" classname="io.mangoo.bindings.SessionTest" time="0.001"/>
  <testcase name="testRemove" classname="io.mangoo.bindings.SessionTest" time="0"/>
  <testcase name="testInvalidRequired" classname="io.mangoo.bindings.ValidatorTest" time="0"/>
  <testcase name="testValidNumeric" classname="io.mangoo.bindings.ValidatorTest" time="0"/>
  <testcase name="testValidIpv6Address" classname="io.mangoo.bindings.ValidatorTest" time="0"/>
  <testcase name="testInvalidMinString" classname="io.mangoo.bindings.ValidatorTest" time="0"/>
  <testcase name="testInvalidMaxNumeric" classname="io.mangoo.bindings.ValidatorTest" time="0"/>
  <testcase name="testInvalidIpv6Address" classname="io.mangoo.bindings.ValidatorTest" time="0"/>
  <testcase name="testValidMinNumeric" classname="io.mangoo.bindings.ValidatorTest" time="0"/>
  <testcase name="testValidIpv4Address" classname="io.mangoo.bindings.ValidatorTest" time="0"/>
  <testcase name="testValidEmail" classname="io.mangoo.bindings.ValidatorTest" time="0"/>
  <testcase name="testValidMatch" classname="io.mangoo.bindings.ValidatorTest" time="0.001"/>
  <testcase name="testValidRegex" classname="io.mangoo.bindings.ValidatorTest" time="0"/>
  <testcase name="testValidUrl" classname="io.mangoo.bindings.ValidatorTest" time="0.001"/>
  <testcase name="testValidExactMatch" classname="io.mangoo.bindings.ValidatorTest" time="0"/>
  <testcase name="testInvalidIpv4Address" classname="io.mangoo.bindings.ValidatorTest" time="0"/>
  <testcase name="testValidRangeString" classname="io.mangoo.bindings.ValidatorTest" time="0"/>
  <testcase name="testValidRequired" classname="io.mangoo.bindings.ValidatorTest" time="0"/>
  <testcase name="testInvalidNumeric" classname="io.mangoo.bindings.ValidatorTest" time="0"/>
  <testcase name="testValidMaxNumeric" classname="io.mangoo.bindings.ValidatorTest" time="0"/>
  <testcase name="testInvalidRangeNumeric" classname="io.mangoo.bindings.ValidatorTest" time="0"/>
  <testcase name="testInvalidRangeString" classname="io.mangoo.bindings.ValidatorTest" time="0"/>
  <testcase name="testValidRangeNumeric" classname="io.mangoo.bindings.ValidatorTest" time="0.001"/>
  <testcase name="testValidMaxString" classname="io.mangoo.bindings.ValidatorTest" time="0"/>
  <testcase name="testInvalidMinNumeric" classname="io.mangoo.bindings.ValidatorTest" time="0"/>
  <testcase name="testInvalidEmail" classname="io.mangoo.bindings.ValidatorTest" time="0"/>
  <testcase name="testInvalidMatch" classname="io.mangoo.bindings.ValidatorTest" time="0.001"/>
  <testcase name="testInvalidRegex" classname="io.mangoo.bindings.ValidatorTest" time="0"/>
  <testcase name="testDefaultErrorMessages" classname="io.mangoo.bindings.ValidatorTest" time="0.002"/>
  <testcase name="testInvalidExactMatch" classname="io.mangoo.bindings.ValidatorTest" time="0"/>
  <testcase name="testInvalidUrl" classname="io.mangoo.bindings.ValidatorTest" time="0"/>
  <testcase name="testCustomErrorMessages" classname="io.mangoo.bindings.ValidatorTest" time="0.001"/>
  <testcase name="testInvalidMaxString" classname="io.mangoo.bindings.ValidatorTest" time="0.001"/>
  <testcase name="testValidMinString" classname="io.mangoo.bindings.ValidatorTest" time="0"/>
  <testcase name="testAndBinaryFile" classname="io.mangoo.routing.ResponseTest" time="0.001"/>
  <testcase name="testWithRedirect" classname="io.mangoo.routing.ResponseTest" time="0"/>
  <testcase name="testAndEmptyBody" classname="io.mangoo.routing.ResponseTest" time="0"/>
  <testcase name="testAndJsonBody" classname="io.mangoo.routing.ResponseTest" time="0.001"/>
  <testcase name="testAndBody" classname="io.mangoo.routing.ResponseTest" time="0"/>
  <testcase name="testAndEtag" classname="io.mangoo.routing.ResponseTest" time="0"/>
  <testcase name="testAndTemplate" classname="io.mangoo.routing.ResponseTest" time="0"/>
  <testcase name="testWithBadRequest" classname="io.mangoo.routing.ResponseTest" time="0"/>
  <testcase name="testWithUnauthorized" classname="io.mangoo.routing.ResponseTest" time="0.001"/>
  <testcase name="testStatusCode" classname="io.mangoo.routing.ResponseTest" time="0.001"/>
  <testcase name="testAndTextBody" classname="io.mangoo.routing.ResponseTest" time="0"/>
  <testcase name="testWithForbidden" classname="io.mangoo.routing.ResponseTest" time="0"/>
  <testcase name="testAndConent" classname="io.mangoo.routing.ResponseTest" time="0"/>
  <testcase name="testAndCookie" classname="io.mangoo.routing.ResponseTest" time="0.048"/>
  <testcase name="testAndHeader" classname="io.mangoo.routing.ResponseTest" time="0"/>
  <testcase name="testAndBinaryConent" classname="io.mangoo.routing.ResponseTest" time="0"/>
  <testcase name="testWithNotFound" classname="io.mangoo.routing.ResponseTest" time="0"/>
  <testcase name="testAndCharset" classname="io.mangoo.routing.ResponseTest" time="0.001"/>
  <testcase name="testWithCreated" classname="io.mangoo.routing.ResponseTest" time="0"/>
  <testcase name="testAndEnd" classname="io.mangoo.routing.ResponseTest" time="0"/>
  <testcase name="testWithOk" classname="io.mangoo.routing.ResponseTest" time="0"/>
  <testcase name="testAndContentTypes" classname="io.mangoo.routing.ResponseTest" time="0"/>
  <testcase name="testDecryptionWithKey" classname="io.mangoo.crypto.CryptoTest" time="0.001"/>
  <testcase name="testEncryptionWithKey" classname="io.mangoo.crypto.CryptoTest" time="0.001"/>
  <testcase name="testDecryption" classname="io.mangoo.crypto.CryptoTest" time="0"/>
  <testcase name="testEncryption" classname="io.mangoo.crypto.CryptoTest" time="0"/>
</testsuite>